[140017.892015] arcmsr0: abort device command of scsi id = 0 lun = 5
[140043.804044] arcmsr0: abort device command of scsi id = 2 lun = 2
[140047.036042] arcmsr: executing bus reset eh.....num_resets = 0, num_aborts = 2
[140079.040024] arcmsr0: wait 'abort all outstanding command' timeout
[140079.040038] arcmsr0: executing hw bus reset .....
[140124.056026] arcmsr0: wait 'get adapter firmware                     miscellaneous data' timeout
[140156.056026] arcmsr0: wait 'start adapter background                                 rebulid' timeout
[140156.056032] arcmsr: scsi  bus reset eh returns with success
[140160.244133] INFO: task txg_sync:9009 blocked for more than 120 seconds.
[140160.244174]       Tainted: P           O    4.4.0-28-generic #47-Ubuntu
[140160.244208] "echo 0 > /proc/sys/kernel/hung_task_timeout_secs" disables this message.
[140160.244264] txg_sync        D ffff8803f005faa8     0  9009      2 0x00000000
[140160.244269]  ffff8803f005faa8 ffff88041fd96d00 ffff88040d713e80 ffff8803f01fb200
[140160.244272]  ffff8803f0060000 ffff88041fd96d00 7fffffffffffffff ffff880238b74508
[140160.244275]  0000000000000001 ffff8803f005fac0 ffffffff818235b5 0000000000000000
[140160.244277] Call Trace:
[140160.244287]  [<ffffffff818235b5>] schedule+0x35/0x80
[140160.244290]  [<ffffffff818266d5>] schedule_timeout+0x1b5/0x270
[140160.244294]  [<ffffffff810ba44c>] ? set_next_entity+0x9c/0xb0
[140160.244298]  [<ffffffff8102d66c>] ? __switch_to+0x1dc/0x5c0
[140160.244300]  [<ffffffff81822ae4>] io_schedule_timeout+0xa4/0x110
[140160.244313]  [<ffffffffc0456bec>] cv_wait_common+0xbc/0x140 [spl]
[140160.244317]  [<ffffffff810c3ca0>] ? wake_atomic_t_function+0x60/0x60
[140160.244323]  [<ffffffffc0456cc8>] __cv_wait_io+0x18/0x20 [spl]
[140160.244401]  [<ffffffffc07e920e>] zio_wait+0x10e/0x1f0 [zfs]
[140160.244430]  [<ffffffffc0772c58>] dsl_pool_sync+0xb8/0x430 [zfs]
[140160.244463]  [<ffffffffc078e5b6>] spa_sync+0x366/0xb30 [zfs]
[140160.244466]  [<ffffffff810ac0c2>] ? default_wake_function+0x12/0x20
[140160.244501]  [<ffffffffc079fa4a>] txg_sync_thread+0x3ba/0x630 [zfs]
[140160.244535]  [<ffffffffc079f690>] ? txg_delay+0x180/0x180 [zfs]
[140160.244541]  [<ffffffffc0451e31>] thread_generic_wrapper+0x71/0x80 [spl]
[140160.244546]  [<ffffffffc0451dc0>] ? __thread_exit+0x20/0x20 [spl]
[140160.244549]  [<ffffffff810a0808>] kthread+0xd8/0xf0
[140160.244551]  [<ffffffff810a0730>] ? kthread_create_on_node+0x1e0/0x1e0
[140160.244553]  [<ffffffff81827a4f>] ret_from_fork+0x3f/0x70
[140160.244555]  [<ffffffff810a0730>] ? kthread_create_on_node+0x1e0/0x1e0
[140176.060044] arcmsr0: abort device command of scsi id = 2 lun = 2
[140179.292026] arcmsr: executing bus reset eh.....num_resets = 1, num_aborts = 3


[140280.244787] INFO: task zpool:20634 blocked for more than 120 seconds.
[140280.244820]       Tainted: P           O    4.4.0-28-generic #47-Ubuntu
[140280.244852] "echo 0 > /proc/sys/kernel/hung_task_timeout_secs" disables this message.
[140280.244904] zpool           D ffff880406557858     0 20634  15722 0x00000006
[140280.244907]  ffff880406557858 0000000000000001 ffffffff81e11500 ffff88003212e400
[140280.244909]  ffff880406558000 ffff88041fc16d00 7fffffffffffffff ffff8804065579d0
[140280.244911]  ffffffff81823db0 ffff880406557870 ffffffff818235b5 0000000000000000
[140280.244914] Call Trace:
[140280.244916]  [<ffffffff81823db0>] ? bit_wait+0x60/0x60
[140280.244918]  [<ffffffff818235b5>] schedule+0x35/0x80
[140280.244920]  [<ffffffff818266d5>] schedule_timeout+0x1b5/0x270
[140280.244924]  [<ffffffff811f9d12>] ? page_counter_uncharge+0x22/0x40
[140280.244926]  [<ffffffff81823db0>] ? bit_wait+0x60/0x60
[140280.244928]  [<ffffffff81822ae4>] io_schedule_timeout+0xa4/0x110
[140280.244930]  [<ffffffff81823dcb>] bit_wait_io+0x1b/0x70
[140280.244932]  [<ffffffff81823b4e>] __wait_on_bit_lock+0x4e/0xb0
[140280.244936]  [<ffffffff8118d3ab>] __lock_page+0xbb/0xe0
[140280.244938]  [<ffffffff810c3ce0>] ? autoremove_wake_function+0x40/0x40
[140280.244941]  [<ffffffff8119f7f1>] truncate_inode_pages_range+0x451/0x7d0
[140280.244944]  [<ffffffff8119fb85>] truncate_inode_pages+0x15/0x20
[140280.244947]  [<ffffffff81247e1f>] kill_bdev+0x2f/0x40
[140280.244949]  [<ffffffff81249100>] __blkdev_put+0x80/0x290
[140280.244951]  [<ffffffff812497bc>] blkdev_put+0x4c/0x110
[140280.244953]  [<ffffffff812498b4>] blkdev_close+0x34/0x70
[140280.244956]  [<ffffffff8120eef4>] __fput+0xe4/0x220
[140280.244959]  [<ffffffff8120f06e>] ____fput+0xe/0x10
[140280.244961]  [<ffffffff8109ec1f>] task_work_run+0x7f/0xa0
[140280.244965]  [<ffffffff81083d47>] do_exit+0x2e7/0xaf0
[140280.244969]  [<ffffffff810eb343>] ? current_fs_time+0x23/0x30
[140280.244971]  [<ffffffff810845d3>] do_group_exit+0x43/0xb0
[140280.244974]  [<ffffffff810907a2>] get_signal+0x292/0x600
[140280.244976]  [<ffffffff8102e537>] do_signal+0x37/0x6f0
[140280.244978]  [<ffffffff812489f5>] ? blkdev_read_iter+0x35/0x40
[140280.244982]  [<ffffffff8100320c>] exit_to_usermode_loop+0x8c/0xd0
[140280.244985]  [<ffffffff81003c6e>] syscall_return_slowpath+0x4e/0x60
[140280.244987]  [<ffffffff81827810>] int_ret_from_sys_call+0x25/0x8f
[140280.244989] INFO: task zpool:20660 blocked for more than 120 seconds.
[140280.245021]       Tainted: P           O    4.4.0-28-generic #47-Ubuntu
[140280.245054] "echo 0 > /proc/sys/kernel/hung_task_timeout_secs" disables this message.
[140280.245105] zpool           D ffff88003dfffaf8     0 20660      1 0x00000004
[140280.245108]  ffff88003dfffaf8 ffff880406fc9a60 ffffffff81e11500 ffff88003212a580
[140280.245110]  ffff88003e000000 0000000000000000 ffff8804075f1a00 000000000000001d
[140280.245113]  ffff880407adc800 ffff88003dfffb10 ffffffff818235b5 ffff880407adc800
[140280.245115] Call Trace:
[140280.245117]  [<ffffffff818235b5>] schedule+0x35/0x80
[140280.245120]  [<ffffffff815ad5a1>] scsi_block_when_processing_errors+0xe1/0x120
[140280.245122]  [<ffffffff810c3ca0>] ? wake_atomic_t_function+0x60/0x60
[140280.245124]  [<ffffffff815be8c5>] sd_open+0x85/0x1c0
[140280.245126]  [<ffffffff81249670>] __blkdev_get+0x360/0x460
[140280.245128]  [<ffffffff81249bdd>] blkdev_get+0x12d/0x340
[140280.245130]  [<ffffffff81249ec2>] blkdev_open+0x82/0xd0
[140280.245133]  [<ffffffff8120ac4f>] do_dentry_open+0x1ff/0x310
[140280.245135]  [<ffffffff81249e40>] ? blkdev_get_by_dev+0x50/0x50
[140280.245137]  [<ffffffff8120bde4>] vfs_open+0x54/0x80
[140280.245140]  [<ffffffff81217a3b>] ? may_open+0x5b/0xf0
[140280.245143]  [<ffffffff8121b5b7>] path_openat+0x1b7/0x1330
[140280.245145]  [<ffffffff8121c8a4>] ? putname+0x54/0x60
[140280.245147]  [<ffffffff8121d921>] do_filp_open+0x91/0x100
[140280.245150]  [<ffffffff8122b1b6>] ? __alloc_fd+0x46/0x190
[140280.245152]  [<ffffffff8120c1b8>] do_sys_open+0x138/0x2a0
[140280.245154]  [<ffffffff8120c33e>] SyS_open+0x1e/0x20
[140280.245156]  [<ffffffff818276b2>] entry_SYSCALL_64_fastpath+0x16/0x71
[140288.304025] arcmsr0: wait 'start adapter background                                 rebulid' timeout
[140288.304031] arcmsr: scsi  bus reset eh returns with success
[140308.308031] arcmsr0: abort device command of scsi id = 0 lun = 1
[140311.540026] arcmsr: executing bus reset eh.....num_resets = 2, num_aborts = 4