root@chickenbutt:~# iw reg get
country 00: DFS-UNSET
	(2402 - 2472 @ 40), (N/A, 20), (N/A)
	(2457 - 2482 @ 40), (N/A, 20), (N/A), NO-IR
	(2474 - 2494 @ 20), (N/A, 20), (N/A), NO-OFDM, NO-IR
	(5170 - 5250 @ 80), (N/A, 20), (N/A), NO-IR
	(5250 - 5330 @ 80), (N/A, 20), (0 ms), DFS, NO-IR
	(5490 - 5730 @ 160), (N/A, 20), (0 ms), DFS, NO-IR
	(5735 - 5835 @ 80), (N/A, 20), (N/A), NO-IR
	(57240 - 63720 @ 2160), (N/A, 0), (N/A)
root@chickenbutt:~# iw reg set US
root@chickenbutt:~# iw reg get
country US: DFS-FCC
	(2402 - 2472 @ 40), (N/A, 30), (N/A)
	(5170 - 5250 @ 80), (N/A, 17), (N/A)
	(5250 - 5330 @ 80), (N/A, 23), (0 ms), DFS
	(5735 - 5835 @ 80), (N/A, 30), (N/A)
	(57240 - 63720 @ 2160), (N/A, 40), (N/A)



root@chickenbutt:~# iwconfig wlan0
wlan0     IEEE 802.11abgn  ESSID:"5GHz"
          Mode:Managed  Frequency:5.785 GHz  Access Point: AF-3A-A8-9F-89-A4
          Bit Rate=300 Mb/s   Tx-Power=1496 dBm
          Retry short limit:7   RTS thr:off   Fragment thr:off
          Encryption key:off
          Power Management:on
          Link Quality=53/70  Signal level=-57 dBm  
          Rx invalid nwid:0  Rx invalid crypt:0  Rx invalid frag:0
          Tx excessive retries:0  Invalid misc:0   Missed beacon:0




Aug 24 00:45:41 chickenbutt kernel: [11224.033969] cfg80211: Calling CRDA for country: US
Aug 24 00:45:41 chickenbutt wpa_supplicant[813]: wlan0: CTRL-EVENT-REGDOM-CHANGE init=USER type=COUNTRY alpha2=US
Aug 24 00:45:41 chickenbutt kernel: [11224.057744] cfg80211: Regulatory domain changed to country: US
Aug 24 00:45:41 chickenbutt kernel: [11224.057754] cfg80211:  DFS Master region: FCC
Aug 24 00:45:41 chickenbutt kernel: [11224.057757] cfg80211:   (start_freq - end_freq @ bandwidth), (max_antenna_gain, max_eirp), (dfs_cac_time)
Aug 24 00:45:41 chickenbutt kernel: [11224.057765] cfg80211:   (2402000 KHz - 2472000 KHz @ 40000 KHz), (N/A, 3000 mBm), (N/A)
Aug 24 00:45:41 chickenbutt kernel: [11224.057772] cfg80211:   (5170000 KHz - 5250000 KHz @ 80000 KHz, 160000 KHz AUTO), (N/A, 1700 mBm), (N/A)
Aug 24 00:45:41 chickenbutt kernel: [11224.057779] cfg80211:   (5250000 KHz - 5330000 KHz @ 80000 KHz, 160000 KHz AUTO), (N/A, 2300 mBm), (0 s)
Aug 24 00:45:41 chickenbutt kernel: [11224.057784] cfg80211:   (5735000 KHz - 5835000 KHz @ 80000 KHz), (N/A, 3000 mBm), (N/A)
Aug 24 00:45:41 chickenbutt kernel: [11224.057790] cfg80211:   (57240000 KHz - 63720000 KHz @ 2160000 KHz), (N/A, 4000 mBm), (N/A)

